<?xml version="1.0" encoding="UTF-8"?>
<!-- Generated by org.testng.reporters.JUnitXMLReporter -->
<testsuite hostname="ajitbiswas-laptop" ignored="0" name="Test(failed)" tests="1" failures="1" timestamp="03 Dec 2017 06:27:16 GMT" time="16.467" errors="0">
  <testcase name="testLogin" time="6.664" classname="scripts.TestLogin">
    <failure type="java.lang.AssertionError" message="The following asserts failed:
	expected [actiTIME - Enter Time-Track] but found [actiTIME - Login]">
      <![CDATA[java.lang.AssertionError: The following asserts failed:
	expected [actiTIME - Enter Time-Track] but found [actiTIME - Login]
	at scripts.TestLogin.testLogin(TestLogin.java:22)
... Removed 26 stack frames]]>
    </failure>
  </testcase> <!-- testLogin -->
</testsuite> <!-- Test(failed) -->
